This is pdfTeX, Version 3.141592653-2.6-1.40.26 (TeX Live 2024) (preloaded format=pdflatex 2024.9.10)  24 JAN 2025 20:23
entering extended mode
 restricted \write18 enabled.
 file:line:error style messages enabled.
 %&-line parsing enabled.
**/Users/baptistechachura/projects/cours/PSTAL/rapport/rapport.tex
(/Users/baptistechachura/projects/cours/PSTAL/rapport/rapport.tex
LaTeX2e <2023-11-01> patch level 1
L3 programming layer <2024-02-20>
(/usr/local/texlive/2024/texmf-dist/tex/latex/base/article.cls
Document Class: article 2023/05/17 v1.4n Standard LaTeX document class
(/usr/local/texlive/2024/texmf-dist/tex/latex/base/size12.clo
File: size12.clo 2023/05/17 v1.4n Standard LaTeX file (size option)
)
\c@part=\count188
\c@section=\count189
\c@subsection=\count190
\c@subsubsection=\count191
\c@paragraph=\count192
\c@subparagraph=\count193
\c@figure=\count194
\c@table=\count195
\abovecaptionskip=\skip48
\belowcaptionskip=\skip49
\bibindent=\dimen140
) (/usr/local/texlive/2024/texmf-dist/tex/latex/base/inputenc.sty
Package: inputenc 2021/02/14 v1.3d Input encoding file
\inpenc@prehook=\toks17
\inpenc@posthook=\toks18
) (/usr/local/texlive/2024/texmf-dist/tex/latex/url/url.sty
\Urlmuskip=\muskip16
Package: url 2013/09/16  ver 3.4  Verb mode for urls, etc.
) (/usr/local/texlive/2024/texmf-dist/tex/latex/base/latexsym.sty
Package: latexsym 1998/08/17 v2.2e Standard LaTeX package (lasy symbols)
\symlasy=\mathgroup4
LaTeX Font Info:    Overwriting symbol font `lasy' in version `bold'
(Font)                  U/lasy/m/n --> U/lasy/b/n on input line 52.
) (/usr/local/texlive/2024/texmf-dist/tex/latex/amsfonts/amsfonts.sty
Package: amsfonts 2013/01/14 v3.01 Basic AMSFonts support
\@emptytoks=\toks19
\symAMSa=\mathgroup5
\symAMSb=\mathgroup6
LaTeX Font Info:    Redeclaring math symbol \hbar on input line 98.
LaTeX Font Info:    Overwriting math alphabet `\mathfrak' in version `bold'
(Font)                  U/euf/m/n --> U/euf/b/n on input line 106.
) (/usr/local/texlive/2024/texmf-dist/tex/latex/amsfonts/amssymb.sty
Package: amssymb 2013/01/14 v3.01 AMS font symbols
) (/usr/local/texlive/2024/texmf-dist/tex/latex/amscls/amsthm.sty
Package: amsthm 2020/05/29 v2.20.6
\thm@style=\toks20
\thm@bodyfont=\toks21
\thm@headfont=\toks22
\thm@notefont=\toks23
\thm@headpunct=\toks24
\thm@preskip=\skip50
\thm@postskip=\skip51
\thm@headsep=\skip52
\dth@everypar=\toks25
) (/usr/local/texlive/2024/texmf-dist/tex/latex/amsmath/amsmath.sty
Package: amsmath 2023/05/13 v2.17o AMS math features
\@mathmargin=\skip53

For additional information on amsmath, use the `?' option.
(/usr/local/texlive/2024/texmf-dist/tex/latex/amsmath/amstext.sty
Package: amstext 2021/08/26 v2.01 AMS text
 (/usr/local/texlive/2024/texmf-dist/tex/latex/amsmath/amsgen.sty
File: amsgen.sty 1999/11/30 v2.0 generic functions
\@emptytoks=\toks26
\ex@=\dimen141
)) (/usr/local/texlive/2024/texmf-dist/tex/latex/amsmath/amsbsy.sty
Package: amsbsy 1999/11/29 v1.2d Bold Symbols
\pmbraise@=\dimen142
) (/usr/local/texlive/2024/texmf-dist/tex/latex/amsmath/amsopn.sty
Package: amsopn 2022/04/08 v2.04 operator names
)
\inf@bad=\count196
LaTeX Info: Redefining \frac on input line 234.
\uproot@=\count197
\leftroot@=\count198
LaTeX Info: Redefining \overline on input line 399.
LaTeX Info: Redefining \colon on input line 410.
\classnum@=\count199
\DOTSCASE@=\count266
LaTeX Info: Redefining \ldots on input line 496.
LaTeX Info: Redefining \dots on input line 499.
LaTeX Info: Redefining \cdots on input line 620.
\Mathstrutbox@=\box51
\strutbox@=\box52
LaTeX Info: Redefining \big on input line 722.
LaTeX Info: Redefining \Big on input line 723.
LaTeX Info: Redefining \bigg on input line 724.
LaTeX Info: Redefining \Bigg on input line 725.
\big@size=\dimen143
LaTeX Font Info:    Redeclaring font encoding OML on input line 743.
LaTeX Font Info:    Redeclaring font encoding OMS on input line 744.
\macc@depth=\count267
LaTeX Info: Redefining \bmod on input line 905.
LaTeX Info: Redefining \pmod on input line 910.
LaTeX Info: Redefining \smash on input line 940.
LaTeX Info: Redefining \relbar on input line 970.
LaTeX Info: Redefining \Relbar on input line 971.
\c@MaxMatrixCols=\count268
\dotsspace@=\muskip17
\c@parentequation=\count269
\dspbrk@lvl=\count270
\tag@help=\toks27
\row@=\count271
\column@=\count272
\maxfields@=\count273
\andhelp@=\toks28
\eqnshift@=\dimen144
\alignsep@=\dimen145
\tagshift@=\dimen146
\tagwidth@=\dimen147
\totwidth@=\dimen148
\lineht@=\dimen149
\@envbody=\toks29
\multlinegap=\skip54
\multlinetaggap=\skip55
\mathdisplay@stack=\toks30
LaTeX Info: Redefining \[ on input line 2953.
LaTeX Info: Redefining \] on input line 2954.
) (/usr/local/texlive/2024/texmf-dist/tex/latex/mathtools/mathtools.sty
Package: mathtools 2024/03/11 v1.30 mathematical typesetting tools
 (/usr/local/texlive/2024/texmf-dist/tex/latex/graphics/keyval.sty
Package: keyval 2022/05/29 v1.15 key=value parser (DPC)
\KV@toks@=\toks31
) (/usr/local/texlive/2024/texmf-dist/tex/latex/tools/calc.sty
Package: calc 2023/07/08 v4.3 Infix arithmetic (KKT,FJ)
\calc@Acount=\count274
\calc@Bcount=\count275
\calc@Adimen=\dimen150
\calc@Bdimen=\dimen151
\calc@Askip=\skip56
\calc@Bskip=\skip57
LaTeX Info: Redefining \setlength on input line 80.
LaTeX Info: Redefining \addtolength on input line 81.
\calc@Ccount=\count276
\calc@Cskip=\skip58
) (/usr/local/texlive/2024/texmf-dist/tex/latex/mathtools/mhsetup.sty
Package: mhsetup 2021/03/18 v1.4 programming setup (MH)
)
\g_MT_multlinerow_int=\count277
\l_MT_multwidth_dim=\dimen152
\origjot=\skip59
\l_MT_shortvdotswithinadjustabove_dim=\dimen153
\l_MT_shortvdotswithinadjustbelow_dim=\dimen154
\l_MT_above_intertext_sep=\dimen155
\l_MT_below_intertext_sep=\dimen156
\l_MT_above_shortintertext_sep=\dimen157
\l_MT_below_shortintertext_sep=\dimen158
\xmathstrut@box=\box53
\xmathstrut@dim=\dimen159
) (/usr/local/texlive/2024/texmf-dist/tex/latex/tools/enumerate.sty
Package: enumerate 2023/07/04 v3.00 enumerate extensions (DPC)
\@enLab=\toks32
) (/usr/local/texlive/2024/texmf-dist/tex/latex/hyperref/hyperref.sty
Package: hyperref 2024-01-20 v7.01h Hypertext links for LaTeX
 (/usr/local/texlive/2024/texmf-dist/tex/generic/iftex/iftex.sty
Package: iftex 2022/02/03 v1.0f TeX engine tests
) (/usr/local/texlive/2024/texmf-dist/tex/latex/kvsetkeys/kvsetkeys.sty
Package: kvsetkeys 2022-10-05 v1.19 Key value parser (HO)
) (/usr/local/texlive/2024/texmf-dist/tex/generic/kvdefinekeys/kvdefinekeys.sty
Package: kvdefinekeys 2019-12-19 v1.6 Define keys (HO)
) (/usr/local/texlive/2024/texmf-dist/tex/generic/pdfescape/pdfescape.sty
Package: pdfescape 2019/12/09 v1.15 Implements pdfTeX's escape features (HO)
 (/usr/local/texlive/2024/texmf-dist/tex/generic/ltxcmds/ltxcmds.sty
Package: ltxcmds 2023-12-04 v1.26 LaTeX kernel commands for general use (HO)
) (/usr/local/texlive/2024/texmf-dist/tex/generic/pdftexcmds/pdftexcmds.sty
Package: pdftexcmds 2020-06-27 v0.33 Utility functions of pdfTeX for LuaTeX (HO)
 (/usr/local/texlive/2024/texmf-dist/tex/generic/infwarerr/infwarerr.sty
Package: infwarerr 2019/12/03 v1.5 Providing info/warning/error messages (HO)
)
Package pdftexcmds Info: \pdf@primitive is available.
Package pdftexcmds Info: \pdf@ifprimitive is available.
Package pdftexcmds Info: \pdfdraftmode found.
)) (/usr/local/texlive/2024/texmf-dist/tex/latex/hycolor/hycolor.sty
Package: hycolor 2020-01-27 v1.10 Color options for hyperref/bookmark (HO)
) (/usr/local/texlive/2024/texmf-dist/tex/latex/auxhook/auxhook.sty
Package: auxhook 2019-12-17 v1.6 Hooks for auxiliary files (HO)
) (/usr/local/texlive/2024/texmf-dist/tex/latex/hyperref/nameref.sty
Package: nameref 2023-11-26 v2.56 Cross-referencing by name of section
 (/usr/local/texlive/2024/texmf-dist/tex/latex/refcount/refcount.sty
Package: refcount 2019/12/15 v3.6 Data extraction from label references (HO)
) (/usr/local/texlive/2024/texmf-dist/tex/generic/gettitlestring/gettitlestring.sty
Package: gettitlestring 2019/12/15 v1.6 Cleanup title references (HO)
 (/usr/local/texlive/2024/texmf-dist/tex/latex/kvoptions/kvoptions.sty
Package: kvoptions 2022-06-15 v3.15 Key value format for package options (HO)
))
\c@section@level=\count278
) (/usr/local/texlive/2024/texmf-dist/tex/latex/etoolbox/etoolbox.sty
Package: etoolbox 2020/10/05 v2.5k e-TeX tools for LaTeX (JAW)
\etb@tempcnta=\count279
)
\@linkdim=\dimen160
\Hy@linkcounter=\count280
\Hy@pagecounter=\count281
 (/usr/local/texlive/2024/texmf-dist/tex/latex/hyperref/pd1enc.def
File: pd1enc.def 2024-01-20 v7.01h Hyperref: PDFDocEncoding definition (HO)
Now handling font encoding PD1 ...
... no UTF-8 mapping file for font encoding PD1
) (/usr/local/texlive/2024/texmf-dist/tex/generic/intcalc/intcalc.sty
Package: intcalc 2019/12/15 v1.3 Expandable calculations with integers (HO)
)
\Hy@SavedSpaceFactor=\count282
 (/usr/local/texlive/2024/texmf-dist/tex/latex/hyperref/puenc.def
File: puenc.def 2024-01-20 v7.01h Hyperref: PDF Unicode definition (HO)
Now handling font encoding PU ...
... no UTF-8 mapping file for font encoding PU
)
Package hyperref Info: Hyper figures OFF on input line 4179.
Package hyperref Info: Link nesting OFF on input line 4184.
Package hyperref Info: Hyper index ON on input line 4187.
Package hyperref Info: Plain pages OFF on input line 4194.
Package hyperref Info: Backreferencing OFF on input line 4199.
Package hyperref Info: Implicit mode ON; LaTeX internals redefined.
Package hyperref Info: Bookmarks ON on input line 4446.
\c@Hy@tempcnt=\count283
LaTeX Info: Redefining \url on input line 4784.
\XeTeXLinkMargin=\dimen161
 (/usr/local/texlive/2024/texmf-dist/tex/generic/bitset/bitset.sty
Package: bitset 2019/12/09 v1.3 Handle bit-vector datatype (HO)
 (/usr/local/texlive/2024/texmf-dist/tex/generic/bigintcalc/bigintcalc.sty
Package: bigintcalc 2019/12/15 v1.5 Expandable calculations on big integers (HO)
))
\Fld@menulength=\count284
\Field@Width=\dimen162
\Fld@charsize=\dimen163
Package hyperref Info: Hyper figures OFF on input line 6063.
Package hyperref Info: Link nesting OFF on input line 6068.
Package hyperref Info: Hyper index ON on input line 6071.
Package hyperref Info: backreferencing OFF on input line 6078.
Package hyperref Info: Link coloring OFF on input line 6083.
Package hyperref Info: Link coloring with OCG OFF on input line 6088.
Package hyperref Info: PDF/A mode OFF on input line 6093.
 (/usr/local/texlive/2024/texmf-dist/tex/latex/base/atbegshi-ltx.sty
Package: atbegshi-ltx 2021/01/10 v1.0c Emulation of the original atbegshi
package with kernel methods
)
\Hy@abspage=\count285
\c@Item=\count286
\c@Hfootnote=\count287
)
Package hyperref Info: Driver (autodetected): hpdftex.
 (/usr/local/texlive/2024/texmf-dist/tex/latex/hyperref/hpdftex.def
File: hpdftex.def 2024-01-20 v7.01h Hyperref driver for pdfTeX
 (/usr/local/texlive/2024/texmf-dist/tex/latex/base/atveryend-ltx.sty
Package: atveryend-ltx 2020/08/19 v1.0a Emulation of the original atveryend package
with kernel methods
)
\Fld@listcount=\count288
\c@bookmark@seq@number=\count289
 (/usr/local/texlive/2024/texmf-dist/tex/latex/rerunfilecheck/rerunfilecheck.sty
Package: rerunfilecheck 2022-07-10 v1.10 Rerun checks for auxiliary files (HO)
 (/usr/local/texlive/2024/texmf-dist/tex/generic/uniquecounter/uniquecounter.sty
Package: uniquecounter 2019/12/15 v1.4 Provide unlimited unique counter (HO)
)
Package uniquecounter Info: New unique counter `rerunfilecheck' on input line 285.
)
\Hy@SectionHShift=\skip60
) (/usr/local/texlive/2024/texmf-dist/tex/latex/graphics/graphicx.sty
Package: graphicx 2021/09/16 v1.2d Enhanced LaTeX Graphics (DPC,SPQR)
 (/usr/local/texlive/2024/texmf-dist/tex/latex/graphics/graphics.sty
Package: graphics 2022/03/10 v1.4e Standard LaTeX Graphics (DPC,SPQR)
 (/usr/local/texlive/2024/texmf-dist/tex/latex/graphics/trig.sty
Package: trig 2021/08/11 v1.11 sin cos tan (DPC)
) (/usr/local/texlive/2024/texmf-dist/tex/latex/graphics-cfg/graphics.cfg
File: graphics.cfg 2016/06/04 v1.11 sample graphics configuration
)
Package graphics Info: Driver file: pdftex.def on input line 107.
 (/usr/local/texlive/2024/texmf-dist/tex/latex/graphics-def/pdftex.def
File: pdftex.def 2022/09/22 v1.2b Graphics/color driver for pdftex
))
\Gin@req@height=\dimen164
\Gin@req@width=\dimen165
) (/usr/local/texlive/2024/texmf-dist/tex/latex/caption/subcaption.sty
Package: subcaption 2023/07/28 v1.6b Sub-captions (AR)
 (/usr/local/texlive/2024/texmf-dist/tex/latex/caption/caption.sty
Package: caption 2023/08/05 v3.6o Customizing captions (AR)
 (/usr/local/texlive/2024/texmf-dist/tex/latex/caption/caption3.sty
Package: caption3 2023/07/31 v2.4d caption3 kernel (AR)
\caption@tempdima=\dimen166
\captionmargin=\dimen167
\caption@leftmargin=\dimen168
\caption@rightmargin=\dimen169
\caption@width=\dimen170
\caption@indent=\dimen171
\caption@parindent=\dimen172
\caption@hangindent=\dimen173
Package caption Info: Standard document class detected.
)
\c@caption@flags=\count290
\c@continuedfloat=\count291
Package caption Info: hyperref package is loaded.
)
Package caption Info: New subtype `subfigure' on input line 238.
\c@subfigure=\count292
Package caption Info: New subtype `subtable' on input line 238.
\c@subtable=\count293
) (/usr/local/texlive/2024/texmf-dist/tex/latex/float/float.sty
Package: float 2001/11/08 v1.3d Float enhancements (AL)
\c@float@type=\count294
\float@exts=\toks33
\float@box=\box54
\@float@everytoks=\toks34
\@floatcapt=\box55
) (/usr/local/texlive/2024/texmf-dist/tex/latex/titlesec/titlesec.sty
Package: titlesec 2023/10/27 v2.16 Sectioning titles
\ttl@box=\box56
\beforetitleunit=\skip61
\aftertitleunit=\skip62
\ttl@plus=\dimen174
\ttl@minus=\dimen175
\ttl@toksa=\toks35
\titlewidth=\dimen176
\titlewidthlast=\dimen177
\titlewidthfirst=\dimen178
) (/usr/local/texlive/2024/texmf-dist/tex/latex/tocloft/tocloft.sty
Package: tocloft 2017/08/31 v2.3i parameterised ToC, etc., typesetting
Package tocloft Info: The document has section divisions on input line 51.
\cftparskip=\skip63
\cftbeforetoctitleskip=\skip64
\cftaftertoctitleskip=\skip65
\cftbeforepartskip=\skip66
\cftpartnumwidth=\skip67
\cftpartindent=\skip68
\cftbeforesecskip=\skip69
\cftsecindent=\skip70
\cftsecnumwidth=\skip71
\cftbeforesubsecskip=\skip72
\cftsubsecindent=\skip73
\cftsubsecnumwidth=\skip74
\cftbeforesubsubsecskip=\skip75
\cftsubsubsecindent=\skip76
\cftsubsubsecnumwidth=\skip77
\cftbeforeparaskip=\skip78
\cftparaindent=\skip79
\cftparanumwidth=\skip80
\cftbeforesubparaskip=\skip81
\cftsubparaindent=\skip82
\cftsubparanumwidth=\skip83
\cftbeforeloftitleskip=\skip84
\cftafterloftitleskip=\skip85
\cftbeforefigskip=\skip86
\cftfigindent=\skip87
\cftfignumwidth=\skip88
\c@lofdepth=\count295
\c@lotdepth=\count296
\cftbeforelottitleskip=\skip89
\cftafterlottitleskip=\skip90
\cftbeforetabskip=\skip91
\cfttabindent=\skip92
\cfttabnumwidth=\skip93
) (/usr/local/texlive/2024/texmf-dist/tex/latex/enumitem/enumitem.sty
Package: enumitem 2019/06/20 v3.9 Customized lists
\labelindent=\skip94
\enit@outerparindent=\dimen179
\enit@toks=\toks36
\enit@inbox=\box57
\enit@count@id=\count297
\enitdp@description=\count298
) (/usr/local/texlive/2024/texmf-dist/tex/latex/l3backend/l3backend-pdftex.def
File: l3backend-pdftex.def 2024-02-20 L3 backend support: PDF output (pdfTeX)
\l__color_backend_stack_int=\count299
\l__pdf_internal_box=\box58
) (./rapport.aux

LaTeX Warning: Label `fig:camenbert' multiply defined.


LaTeX Warning: Label `fig:google_bert' multiply defined.


LaTeX Warning: Label `fig:camenbert' multiply defined.


LaTeX Warning: Label `fig:google_bert' multiply defined.

)
\openout1 = `rapport.aux'.

LaTeX Font Info:    Checking defaults for OML/cmm/m/it on input line 44.
LaTeX Font Info:    ... okay on input line 44.
LaTeX Font Info:    Checking defaults for OMS/cmsy/m/n on input line 44.
LaTeX Font Info:    ... okay on input line 44.
LaTeX Font Info:    Checking defaults for OT1/cmr/m/n on input line 44.
LaTeX Font Info:    ... okay on input line 44.
LaTeX Font Info:    Checking defaults for T1/cmr/m/n on input line 44.
LaTeX Font Info:    ... okay on input line 44.
LaTeX Font Info:    Checking defaults for TS1/cmr/m/n on input line 44.
LaTeX Font Info:    ... okay on input line 44.
LaTeX Font Info:    Checking defaults for OMX/cmex/m/n on input line 44.
LaTeX Font Info:    ... okay on input line 44.
LaTeX Font Info:    Checking defaults for U/cmr/m/n on input line 44.
LaTeX Font Info:    ... okay on input line 44.
LaTeX Font Info:    Checking defaults for PD1/pdf/m/n on input line 44.
LaTeX Font Info:    ... okay on input line 44.
LaTeX Font Info:    Checking defaults for PU/pdf/m/n on input line 44.
LaTeX Font Info:    ... okay on input line 44.
Package hyperref Info: Link coloring OFF on input line 44.
 (./rapport.out) (./rapport.out)
\@outlinefile=\write3
\openout3 = `rapport.out'.

 (/usr/local/texlive/2024/texmf-dist/tex/context/base/mkii/supp-pdf.mkii
[Loading MPS to PDF converter (version 2006.09.02).]
\scratchcounter=\count300
\scratchdimen=\dimen180
\scratchbox=\box59
\nofMPsegments=\count301
\nofMParguments=\count302
\everyMPshowfont=\toks37
\MPscratchCnt=\count303
\MPscratchDim=\dimen181
\MPnumerator=\count304
\makeMPintoPDFobject=\count305
\everyMPtoPDFconversion=\toks38
) (/usr/local/texlive/2024/texmf-dist/tex/latex/epstopdf-pkg/epstopdf-base.sty
Package: epstopdf-base 2020-01-24 v2.11 Base part for package epstopdf
Package epstopdf-base Info: Redefining graphics rule for `.eps' on input line 485.
 (/usr/local/texlive/2024/texmf-dist/tex/latex/latexconfig/epstopdf-sys.cfg
File: epstopdf-sys.cfg 2010/07/13 v1.3 Configuration of (r)epstopdf for TeX Live
))
Package caption Info: Begin \AtBeginDocument code.
Package caption Info: float package is loaded.
Package caption Info: End \AtBeginDocument code.
LaTeX Font Info:    Trying to load font information for U+lasy on input line 47.
 (/usr/local/texlive/2024/texmf-dist/tex/latex/base/ulasy.fd
File: ulasy.fd 1998/08/17 v2.2e LaTeX symbol font definitions
)
LaTeX Font Info:    Trying to load font information for U+msa on input line 47.
 (/usr/local/texlive/2024/texmf-dist/tex/latex/amsfonts/umsa.fd
File: umsa.fd 2013/01/14 v3.01 AMS symbols A
)
LaTeX Font Info:    Trying to load font information for U+msb on input line 47.
 (/usr/local/texlive/2024/texmf-dist/tex/latex/amsfonts/umsb.fd
File: umsb.fd 2013/01/14 v3.01 AMS symbols B
) (./rapport.toc
Overfull \hbox (5.69342pt too wide) in paragraph at lines 6--6
 [][] [][]\OT1/cmr/bx/n/12 Comparaison des per-for-mances en fonc-tion de la quan-tit^^Se de donn^^Sees d'apprentissage[] []  
 []

)
\tf@toc=\write4
\openout4 = `rapport.toc'.

 [1

{/usr/local/texlive/2024/texmf-var/fonts/map/pdftex/updmap/pdftex.map}]
Overfull \hbox (0.29207pt too wide) in paragraph at lines 53--53
|[]\OT1/cmr/bx/n/17.28 Etiqueteur de super-senses avec trans-form-ers pr^^Se-entra^^^Pn^^Ses| 
 []

<static/mdl_camembert.png, id=79, 462.528pt x 346.896pt>
File: static/mdl_camembert.png Graphic file (type png)
<use static/mdl_camembert.png>
Package pdftex.def Info: static/mdl_camembert.png  used on input line 80.
(pdftex.def)             Requested size: 197.73317pt x 148.29958pt.
<static/mdl_google_bert.png, id=81, 462.528pt x 346.896pt>
File: static/mdl_google_bert.png Graphic file (type png)
<use static/mdl_google_bert.png>
Package pdftex.def Info: static/mdl_google_bert.png  used on input line 87.
(pdftex.def)             Requested size: 197.73317pt x 148.29958pt.

Overfull \hbox (7.80908pt too wide) in paragraph at lines 93--99
[]\OT1/cmr/m/n/12 Nous con-sta-tons que la courbe d'^^Sevaluation du mlp sur les em-bed-dings de google bert bien qu'augmentant
 []

[2 <./static/mdl_camembert.png> <./static/mdl_google_bert.png>]
<static/data_rep.png, id=91, 547.54562pt x 203.76125pt>
File: static/data_rep.png Graphic file (type png)
<use static/data_rep.png>
Package pdftex.def Info: static/data_rep.png  used on input line 111.
(pdftex.def)             Requested size: 416.2766pt x 154.913pt.
<static/stat_error.png, id=92, 783.92876pt x 300.12125pt>
File: static/stat_error.png Graphic file (type png)
<use static/stat_error.png>
Package pdftex.def Info: static/stat_error.png  used on input line 121.
(pdftex.def)             Requested size: 416.2766pt x 159.37033pt.

Overfull \hbox (5.62439pt too wide) in paragraph at lines 129--133
\OT1/cmr/m/n/12 Dans cette par-tie nous al-lons nous int^^Seresser ^^Ra l'influence de la quan-tit^^Se de donn^^Sees lors de l'apprentissage
 []

[3 <./static/data_rep.png> <./static/stat_error.png>]
<static/stat_MLP_cam.png, id=101, 431.4519pt x 329.5512pt>
File: static/stat_MLP_cam.png Graphic file (type png)
<use static/stat_MLP_cam.png>
Package pdftex.def Info: static/stat_MLP_cam.png  used on input line 145.
(pdftex.def)             Requested size: 234.15309pt x 178.85509pt.

Underfull \hbox (badness 4569) in paragraph at lines 146--146
[]\OT1/cmr/m/n/12 Figure 3: |Ap-pren-tis-sage (em-bed-dings :
 []

<static/stat_MLP_goo.png, id=102, 431.4519pt x 329.5512pt>
File: static/stat_MLP_goo.png Graphic file (type png)
<use static/stat_MLP_goo.png>
Package pdftex.def Info: static/stat_MLP_goo.png  used on input line 152.
(pdftex.def)             Requested size: 234.15309pt x 178.85509pt.

Underfull \hbox (badness 4569) in paragraph at lines 153--153
[]\OT1/cmr/m/n/12 Figure 4: |Ap-pren-tis-sage (em-bed-dings :
 []


Overfull \hbox (7.35631pt too wide) in paragraph at lines 158--164
\OT1/cmr/m/n/12 donn^^Sees utilis^^Sees lors de l'entra^^^Pnement, pour 20% des donn^^Sees les r^^Sesultats os-cil-lent en-tre 19% d'accuracy
 []

<static/knn_cam_2.png, id=103, 465.4188pt x 329.5512pt>
File: static/knn_cam_2.png Graphic file (type png)
<use static/knn_cam_2.png>
Package pdftex.def Info: static/knn_cam_2.png  used on input line 178.
(pdftex.def)             Requested size: 234.15309pt x 165.801pt.

Underfull \hbox (badness 4569) in paragraph at lines 179--179
[]\OT1/cmr/m/n/12 Figure 5: |Ap-pren-tis-sage (em-bed-dings :
 []

<static/knn_goo_2.png, id=104, 465.4188pt x 329.5512pt>
File: static/knn_goo_2.png Graphic file (type png)
<use static/knn_goo_2.png>
Package pdftex.def Info: static/knn_goo_2.png  used on input line 185.
(pdftex.def)             Requested size: 234.15309pt x 165.801pt.

Underfull \hbox (badness 4569) in paragraph at lines 186--186
[]\OT1/cmr/m/n/12 Figure 6: |Ap-pren-tis-sage (em-bed-dings :
 []

[4 <./static/stat_MLP_cam.png> <./static/stat_MLP_goo.png>] (./rapport.bbl)
<static/knn_cam_2_raw.png, id=113, 465.4188pt x 329.5512pt>
File: static/knn_cam_2_raw.png Graphic file (type png)
<use static/knn_cam_2_raw.png>
Package pdftex.def Info: static/knn_cam_2_raw.png  used on input line 219.
(pdftex.def)             Requested size: 182.12349pt x 128.9569pt.
File: static/knn_cam_2.png Graphic file (type png)
<use static/knn_cam_2.png>
Package pdftex.def Info: static/knn_cam_2.png  used on input line 225.
(pdftex.def)             Requested size: 182.12349pt x 128.9569pt.
<static/knn_cam_5_raw.png, id=114, 465.4188pt x 329.5512pt>
File: static/knn_cam_5_raw.png Graphic file (type png)
<use static/knn_cam_5_raw.png>
Package pdftex.def Info: static/knn_cam_5_raw.png  used on input line 231.
(pdftex.def)             Requested size: 182.12349pt x 128.9569pt.
<static/knn_cam_5.png, id=115, 465.4188pt x 329.5512pt>
File: static/knn_cam_5.png Graphic file (type png)
<use static/knn_cam_5.png>
Package pdftex.def Info: static/knn_cam_5.png  used on input line 237.
(pdftex.def)             Requested size: 182.12349pt x 128.9569pt.
<static/knn_cam_10_raw.png, id=116, 458.9145pt x 329.5512pt>
File: static/knn_cam_10_raw.png Graphic file (type png)
<use static/knn_cam_10_raw.png>
Package pdftex.def Info: static/knn_cam_10_raw.png  used on input line 243.
(pdftex.def)             Requested size: 182.12349pt x 130.78226pt.
<static/knn_cam_10.png, id=117, 466.8642pt x 329.5512pt>
File: static/knn_cam_10.png Graphic file (type png)
<use static/knn_cam_10.png>
Package pdftex.def Info: static/knn_cam_10.png  used on input line 249.
(pdftex.def)             Requested size: 182.12349pt x 128.55461pt.
<static/knn_cam_15_raw.png, id=118, 458.9145pt x 329.5512pt>
File: static/knn_cam_15_raw.png Graphic file (type png)
<use static/knn_cam_15_raw.png>
Package pdftex.def Info: static/knn_cam_15_raw.png  used on input line 255.
(pdftex.def)             Requested size: 182.12349pt x 130.78226pt.
<static/knn_cam_15.png, id=119, 466.8642pt x 329.5512pt>
File: static/knn_cam_15.png Graphic file (type png)
<use static/knn_cam_15.png>
Package pdftex.def Info: static/knn_cam_15.png  used on input line 261.
(pdftex.def)             Requested size: 182.12349pt x 128.55461pt.
 [5 <./static/knn_cam_2.png> <./static/knn_goo_2.png>]
<static/knn_goo_2_raw.png, id=128, 465.4188pt x 329.5512pt>
File: static/knn_goo_2_raw.png Graphic file (type png)
<use static/knn_goo_2_raw.png>
Package pdftex.def Info: static/knn_goo_2_raw.png  used on input line 275.
(pdftex.def)             Requested size: 182.12349pt x 128.9569pt.
File: static/knn_goo_2.png Graphic file (type png)
<use static/knn_goo_2.png>
Package pdftex.def Info: static/knn_goo_2.png  used on input line 281.
(pdftex.def)             Requested size: 182.12349pt x 128.9569pt.
<static/knn_goo_5_raw.png, id=129, 458.9145pt x 329.5512pt>
File: static/knn_goo_5_raw.png Graphic file (type png)
<use static/knn_goo_5_raw.png>
Package pdftex.def Info: static/knn_goo_5_raw.png  used on input line 287.
(pdftex.def)             Requested size: 182.12349pt x 130.78226pt.
<static/knn_goo_5.png, id=130, 459.6372pt x 329.5512pt>
File: static/knn_goo_5.png Graphic file (type png)
<use static/knn_goo_5.png>
Package pdftex.def Info: static/knn_goo_5.png  used on input line 293.
(pdftex.def)             Requested size: 182.12349pt x 130.5811pt.
<static/knn_goo_10_raw.png, id=131, 458.9145pt x 329.5512pt>
File: static/knn_goo_10_raw.png Graphic file (type png)
<use static/knn_goo_10_raw.png>
Package pdftex.def Info: static/knn_goo_10_raw.png  used on input line 299.
(pdftex.def)             Requested size: 182.12349pt x 130.78226pt.
<static/knn_goo_10.png, id=132, 466.8642pt x 329.5512pt>
File: static/knn_goo_10.png Graphic file (type png)
<use static/knn_goo_10.png>
Package pdftex.def Info: static/knn_goo_10.png  used on input line 305.
(pdftex.def)             Requested size: 182.12349pt x 128.55461pt.
 [6 <./static/knn_cam_2_raw.png> <./static/knn_cam_5_raw.png> <./static/knn_cam_5.png> <./static/knn_cam_10_raw.png> <./static/knn_cam_10.png> <./static/knn_cam_15_raw.png> <./static/knn_cam_15.png>] [7 <./static/knn_goo_2_raw.png> <./static/knn_goo_5_raw.png> <./static/knn_goo_5.png> <./static/knn_goo_10_raw.png> <./static/knn_goo_10.png>] (./rapport.aux)
 ***********
LaTeX2e <2023-11-01> patch level 1
L3 programming layer <2024-02-20>
 ***********


LaTeX Warning: There were multiply-defined labels.

Package rerunfilecheck Info: File `rapport.out' has not changed.
(rerunfilecheck)             Checksum: 4FEBADFB21F00DE1A2BA9C5F80ADF723;2665.
 ) 
Here is how much of TeX's memory you used:
 12954 strings out of 474116
 207404 string characters out of 5743682
 1936187 words of memory out of 5000000
 35121 multiletter control sequences out of 15000+600000
 568115 words of font info for 78 fonts, out of 8000000 for 9000
 1141 hyphenation exceptions out of 8191
 75i,9n,79p,597b,556s stack positions out of 10000i,1000n,20000p,200000b,200000s
</usr/local/texlive/2024/texmf-dist/fonts/type1/public/amsfonts/cm/cmbx12.pfb></usr/local/texlive/2024/texmf-dist/fonts/type1/public/amsfonts/cm/cmmi12.pfb></usr/local/texlive/2024/texmf-dist/fonts/type1/public/amsfonts/cm/cmr10.pfb></usr/local/texlive/2024/texmf-dist/fonts/type1/public/amsfonts/cm/cmr12.pfb></usr/local/texlive/2024/texmf-dist/fonts/type1/public/amsfonts/cm/cmr17.pfb></usr/local/texlive/2024/texmf-dist/fonts/type1/public/amsfonts/cm/cmti12.pfb>
Output written on rapport.pdf (7 pages, 732309 bytes).
PDF statistics:
 193 PDF objects out of 1000 (max. 8388607)
 130 compressed objects within 2 object streams
 30 named destinations out of 1000 (max. 500000)
 205 words of extra memory for PDF output out of 10000 (max. 10000000)

